app/seeds.txt
com.zhuiyun.cool.MainActivity
com.zhuiyun.cool.ContentActivity
com.zhuiyun.cool.MainActivity: MainActivity()
com.zhuiyun.cool.ContentActivity: ContentActivity()
...
androidx.appcompat.widget.AppCompatCheckedTextView: void setCustomSelectionActionModeCallback(android.view.ActionMode$Callback)
androidx.appcompat.widget.LinearLayoutCompat: void setBaselineAlignedChildIndex(int)
androidx.constraintlayout.helper.widget.Flow: void setPaddingRight(int)
androidx.appcompat.widget.SearchView: SearchView(android.content.Context,android.util.AttributeSet,int)
com.gyf.immersionbar.OSUtils: boolean isEMUI3_0()
androidx.vectordrawable.graphics.drawable.VectorDrawableCompat$VFullPath: float getTrimPathStart()
androidx.core.view.WindowInsetsCompat$BuilderImpl29: androidx.core.view.WindowInsetsCompat build()
androidx.constraintlayout.utils.widget.ImageFilterButton: void setImagePanY(float)
androidx.appcompat.widget.SwitchCompat: SwitchCompat(android.content.Context)
androidx.core.view.ViewCompat$Api21Impl: androidx.core.view.WindowInsetsCompat getRootWindowInsets(android.view.View)
androidx.constraintlayout.helper.widget.CircularFlow: CircularFlow(android.content.Context,android.util.AttributeSet)
androidx.lifecycle.SavedStateHandleController$OnRecreation: SavedStateHandleController$OnRecreation()
androidx.constraintlayout.helper.widget.Flow: void setPaddingTop(int)
androidx.appcompat.widget.ActionBarContextView: ActionBarContextView(android.content.Context,android.util.AttributeSet,int)
androidx.appcompat.view.menu.ListMenuItemView: void setForceShowIcon(boolean)
androidx.core.view.ViewCompat$Api17Impl: void setPaddingRelative(android.view.View,int,int,int,int)
androidx.core.view.WindowInsetsCompat$Impl29: androidx.core.graphics.Insets getSystemGestureInsets()
androidx.appcompat.widget.ActionBarOverlayLayout: void setShowingForActionMode(boolean)
androidx.appcompat.widget.ActionMenuView: void setOverflowIcon(android.graphics.drawable.Drawable)
androidx.constraintlayout.helper.widget.Flow: Flow(android.content.Context)
androidx.constraintlayout.helper.widget.Carousel: Carousel(android.content.Context)
androidx.constraintlayout.utils.widget.ImageFilterButton: float getWarmth()
androidx.constraintlayout.utils.widget.MotionTelltales: MotionTelltales(android.content.Context,android.util.AttributeSet,int)
androidx.appcompat.widget.Toolbar: void setNavigationOnClickListener(android.view.View$OnClickListener)
androidx.constraintlayout.widget.ConstraintHelper: void setReferenceTags(java.lang.String)
androidx.constraintlayout.helper.widget.MotionPlaceholder: MotionPlaceholder(android.content.Context,android.util.AttributeSet,int)
androidx.fragment.app.FragmentActivity: void supportStartPostponedEnterTransition()
androidx.activity.ComponentActivity: androidx.activity.OnBackPressedDispatcher getOnBackPressedDispatcher()
androidx.appcompat.widget.AppCompatButton: int getAutoSizeMinTextSize()
androidx.core.view.WindowInsetsCompat$BuilderImpl: void setStableInsets(androidx.core.graphics.Insets)
androidx.constraintlayout.widget.ConstraintLayout: void setMinWidth(int)
androidx.appcompat.widget.SwitchCompat: android.graphics.drawable.Drawable getTrackDrawable()
com.gyf.immersionbar.NotchUtils: boolean hasNotchAtXiaoMi(android.content.Context)
androidx.appcompat.widget.ActionMenuView: void setExpandedActionViewsExclusive(boolean)
androidx.constraintlayout.utils.widget.ImageFilterButton: ImageFilterButton(android.content.Context,android.util.AttributeSet,int)
androidx.constraintlayout.widget.Guideline: void setGuidelinePercent(float)
androidx.lifecycle.EmptyActivityLifecycleCallbacks: void onActivitySaveInstanceState(android.app.Activity,android.os.Bundle)
androidx.core.view.WindowInsetsCompat$Impl20: androidx.core.graphics.Insets getInsets(int)
androidx.appcompat.widget.Toolbar: void setSubtitleTextColor(int)
androidx.appcompat.view.menu.ActionMenuItemView: ActionMenuItemView(android.content.Context,android.util.AttributeSet)
androidx.appcompat.widget.ButtonBarLayout: void setAllowStacking(boolean)
androidx.constraintlayout.widget.ConstraintLayout: int getMinWidth()
com.gyf.immersionbar.OSUtils: boolean isFlymeOS()