app/mapping.txt
# compiler: R8
# compiler_version: 3.2.47
# min_api: 22
# common_typos_disable
# {"id":"com.android.tools.r8.mapping","version":"2.0"}
# pg_map_id: 128fd05
# pg_map_hash: SHA-256 128fd0579078e953315be49177ebffb343529322399c8cce594f0e0845068be0
com.zhuiyun.cool.MainActivity -> com.zhuiyun.cool.MainActivity:
    void $r8$lambda$1MEZSd5fdoybPJO6dwz-R4HFDUM(com.zhuiyun.cool.MainActivity,android.view.View) -> n
      # {"id":"com.android.tools.r8.synthesized"}
    void onCreate$lambda-0(com.zhuiyun.cool.MainActivity,android.view.View) -> o
...
androidx.constraintlayout.motion.widget.KeyAttributes -> v.e:
    java.lang.String mTransitionEasing -> g
    float mRotation -> l
    float mElevation -> k
    float mAlpha -> j
    boolean mVisibility -> i
    int mCurveFit -> h
    float mProgress -> w
    float mTranslationZ -> v
    float mTranslationY -> u
    float mTranslationX -> t
    float mScaleY -> s
    float mScaleX -> r
    float mTransitionPathRotate -> q
    float mPivotY -> p
    float mPivotX -> o
    float mRotationY -> n
    float mRotationX -> m
    float access$1500(androidx.constraintlayout.motion.widget.KeyAttributes) -> A
    float access$1502(androidx.constraintlayout.motion.widget.KeyAttributes,float) -> B
    float access$200(androidx.constraintlayout.motion.widget.KeyAttributes) -> C
    float access$202(androidx.constraintlayout.motion.widget.KeyAttributes,float) -> D
    int access$300(androidx.constraintlayout.motion.widget.KeyAttributes) -> E
    int access$302(androidx.constraintlayout.motion.widget.KeyAttributes,int) -> F
    float access$400(androidx.constraintlayout.motion.widget.KeyAttributes) -> G
    float access$402(androidx.constraintlayout.motion.widget.KeyAttributes,float) -> H
    float access$500(androidx.constraintlayout.motion.widget.KeyAttributes) -> I
    float access$502(androidx.constraintlayout.motion.widget.KeyAttributes,float) -> J
    float access$600(androidx.constraintlayout.motion.widget.KeyAttributes) -> K
androidx.constraintlayout.motion.widget.KeyAttributes$Loader -> v.e$a:
    android.util.SparseIntArray mAttrMap -> a
    void read(androidx.constraintlayout.motion.widget.KeyAttributes,android.content.res.TypedArray) -> a
androidx.constraintlayout.motion.widget.KeyCycle -> v.f:
    java.lang.String mTransitionEasing -> g
    float mWaveOffset -> l
    float mWavePeriod -> k
    int mWaveVariesBy -> o
    java.lang.String mCustomWaveShape -> j
    int mCurveFit -> h
    int mWaveShape -> i
    float mTranslationZ -> z
    float mTranslationY -> y
    float mTranslationX -> x
    float mScaleY -> w
    float mScaleX -> v
    float mRotationY -> u
    float mRotationX -> t
    float mTransitionPathRotate -> s
    float mRotation -> r
    float mElevation -> q
    float mAlpha -> p
    float mProgress -> n
    float mWavePhase -> m
    float access$1602(androidx.constraintlayout.motion.widget.KeyCycle,float) -> A
    float access$1700(androidx.constraintlayout.motion.widget.KeyCycle) -> B
    float access$1702(androidx.constraintlayout.motion.widget.KeyCycle,float) -> C
    float access$1800(androidx.constraintlayout.motion.widget.KeyCycle) -> D
    float access$1802(androidx.constraintlayout.motion.widget.KeyCycle,float) -> E
    float access$1900(androidx.constraintlayout.motion.widget.KeyCycle) -> F
    float access$1902(androidx.constraintlayout.motion.widget.KeyCycle,float) -> G
    int access$200(androidx.constraintlayout.motion.widget.KeyCycle) -> H
    float access$2000(androidx.constraintlayout.motion.widget.KeyCycle) -> I
    float access$2002(androidx.constraintlayout.motion.widget.KeyCycle,float) -> J
    int access$202(androidx.constraintlayout.motion.widget.KeyCycle,int) -> K
androidx.constraintlayout.motion.widget.KeyCycle$Loader -> v.f$a:
    android.util.SparseIntArray mAttrMap -> a
    void access$000(androidx.constraintlayout.motion.widget.KeyCycle,android.content.res.TypedArray) -> a
    void read(androidx.constraintlayout.motion.widget.KeyCycle,android.content.res.TypedArray) -> b
androidx.constraintlayout.motion.widget.KeyFrames -> v.g:
    java.util.HashMap sKeyMakers -> b
    java.util.HashMap mFramesMap -> a
    void addAllFrames(androidx.constraintlayout.motion.widget.MotionController) -> a
    void addFrames(androidx.constraintlayout.motion.widget.MotionController) -> b
    void addKey(androidx.constraintlayout.motion.widget.Key) -> c
    java.util.ArrayList getKeyFramesForView(int) -> d