app/unused.txt
com.zhuiyun.cool.BuildConfig
com.zhuiyun.cool.R$color
com.zhuiyun.cool.R$drawable
com.zhuiyun.cool.R$id
com.zhuiyun.cool.R$layout
com.zhuiyun.cool.R$mipmap
com.zhuiyun.cool.R$string
com.zhuiyun.cool.R$style
com.zhuiyun.cool.R$xml
com.zhuiyun.cool.R
...
kotlin.math.UMathKt
kotlin.properties.Delegates$observable$1
kotlin.properties.Delegates$vetoable$1
kotlin.properties.Delegates
kotlin.properties.NotNullVar
kotlin.properties.ObservableProperty
kotlin.properties.PropertyDelegateProvider
kotlin.properties.ReadOnlyProperty
kotlin.properties.ReadWriteProperty
kotlin.random.AbstractPlatformRandom
kotlin.random.FallbackThreadLocalRandom$implStorage$1
kotlin.random.FallbackThreadLocalRandom
kotlin.random.KotlinRandom$Companion
kotlin.random.KotlinRandom
kotlin.random.PlatformRandom$Companion
kotlin.random.PlatformRandom
kotlin.random.PlatformRandomKt
kotlin.random.Random$Default$Serialized
kotlin.random.Random$Default
kotlin.random.Random
kotlin.random.RandomKt
kotlin.random.URandomKt
kotlin.random.XorWowRandom$Companion
kotlin.random.XorWowRandom
kotlin.random.jdk8.PlatformThreadLocalRandom
kotlin.ranges.CharProgression$Companion
kotlin.ranges.CharProgression
kotlin.ranges.CharProgressionIterator
kotlin.ranges.CharRange$Companion
kotlin.ranges.CharRange
kotlin.ranges.ClosedDoubleRange
kotlin.ranges.ClosedFloatRange
kotlin.ranges.ClosedFloatingPointRange$DefaultImpls
kotlin.ranges.ClosedFloatingPointRange
kotlin.ranges.ClosedRange$DefaultImpls
kotlin.ranges.ClosedRange
kotlin.ranges.ComparableRange
kotlin.ranges.IntProgression$Companion
kotlin.ranges.IntProgression
kotlin.ranges.IntProgressionIterator
kotlin.ranges.IntRange$Companion
kotlin.ranges.IntRange
kotlin.ranges.LongProgression$Companion
kotlin.ranges.LongProgression
kotlin.ranges.LongProgressionIterator
kotlin.ranges.LongRange$Companion
kotlin.ranges.LongRange
kotlin.ranges.RangesKt
kotlin.ranges.RangesKt__RangesKt
kotlin.ranges.RangesKt___RangesKt
kotlin.ranges.UIntProgression$Companion
kotlin.ranges.UIntProgression
kotlin.ranges.UIntProgressionIterator
kotlin.ranges.UIntRange$Companion
kotlin.ranges.UIntRange
kotlin.ranges.ULongProgression$Companion
kotlin.ranges.ULongProgression
kotlin.ranges.ULongProgressionIterator
kotlin.ranges.ULongRange$Companion
kotlin.ranges.ULongRange
kotlin.ranges.URangesKt
kotlin.ranges.URangesKt___URangesKt
kotlin.reflect.GenericArrayTypeImpl
kotlin.reflect.KAnnotatedElement
kotlin.reflect.KCallable$DefaultImpls
kotlin.reflect.KCallable
kotlin.reflect.KClass$DefaultImpls
kotlin.reflect.KClass
kotlin.reflect.KClasses
kotlin.reflect.KClassesImplKt
kotlin.reflect.KClassifier
kotlin.reflect.KDeclarationContainer
kotlin.reflect.KFunction$DefaultImpls
kotlin.reflect.KFunction
kotlin.reflect.KMutableProperty$Setter
kotlin.reflect.KMutableProperty0$Setter
kotlin.reflect.KMutableProperty0
kotlin.reflect.KMutableProperty1$Setter
kotlin.reflect.KMutableProperty1
kotlin.reflect.KMutableProperty2$Setter
kotlin.reflect.KMutableProperty2
kotlin.reflect.KMutableProperty
kotlin.reflect.KParameter$DefaultImpls
kotlin.reflect.KParameter$Kind
kotlin.reflect.KParameter
kotlin.reflect.KProperty$Accessor
kotlin.reflect.KProperty$DefaultImpls
kotlin.reflect.KProperty$Getter
kotlin.reflect.KProperty0$Getter
kotlin.reflect.KProperty0
kotlin.reflect.KProperty1$Getter
kotlin.reflect.KProperty1
kotlin.reflect.KProperty2$Getter
kotlin.reflect.KProperty2
kotlin.reflect.KProperty
kotlin.reflect.KType$DefaultImpls
kotlin.reflect.KType
kotlin.reflect.KTypeParameter
kotlin.reflect.KTypeProjection$Companion
kotlin.reflect.KTypeProjection$WhenMappings
kotlin.reflect.KTypeProjection
kotlin.reflect.KVariance
kotlin.reflect.KVisibility
kotlin.reflect.ParameterizedTypeImpl$getTypeName$1$1
kotlin.reflect.ParameterizedTypeImpl
kotlin.reflect.TypeImpl
kotlin.reflect.TypeOfKt
kotlin.reflect.TypeVariableImpl
kotlin.reflect.TypesJVMKt$WhenMappings
kotlin.reflect.TypesJVMKt$typeToString$unwrap$1
kotlin.reflect.TypesJVMKt
kotlin.reflect.WildcardTypeImpl$Companion
kotlin.reflect.WildcardTypeImpl
kotlin.sequences.ConstrainedOnceSequence
kotlin.sequences.DistinctIterator
kotlin.sequences.DistinctSequence
kotlin.sequences.DropSequence$iterator$1
kotlin.sequences.DropSequence
kotlin.sequences.DropTakeSequence